<testsuites id="" name="" tests="19" failures="19" skipped="0" errors="0" time="80.330107">
<testsuite name="command-palette.spec.ts" timestamp="2025-09-06T22:46:56.682Z" hostname="chromium" tests="5" failures="5" skipped="0" time="151.845" errors="0">
<testcase name="Command Palette Functionality › should open command palette with Ctrl+K shortcut" classname="command-palette.spec.ts" time="26.138">
<failure message="command-palette.spec.ts:13:7 should open command palette with Ctrl+K shortcut" type="FAILURE">
<![CDATA[  [chromium] › command-palette.spec.ts:13:7 › Command Palette Functionality › should open command palette with Ctrl+K shortcut @P1 

    TimeoutError: page.waitForSelector: Timeout 10000ms exceeded.
    Call log:
      - waiting for locator('[data-testid="prompt-card"]') to be visible


       at utils\test-helpers.ts:10

       8 |    */
       9 |   async waitForPromptsToLoad() {
    > 10 |     await this.page.waitForSelector('[data-testid="prompt-card"]', { timeout: 10000 });
         |                     ^
      11 |   }
      12 |
      13 |   /**
        at TestHelpers.waitForPromptsToLoad (C:\Users\AbyTJoseph\Desktop\AI Experiments\personal-prompt-collections\prompt-hub\tests\utils\test-helpers.ts:10:21)
        at C:\Users\AbyTJoseph\Desktop\AI Experiments\personal-prompt-collections\prompt-hub\tests\command-palette.spec.ts:10:19

    attachment #1: screenshot (image/png) ──────────────────────────────────────────────────────────
    ..\test-results\command-palette-Command-Pa-15b2d-alette-with-Ctrl-K-shortcut-chromium\test-failed-1.png
    ────────────────────────────────────────────────────────────────────────────────────────────────

    attachment #2: video (video/webm) ──────────────────────────────────────────────────────────────
    ..\test-results\command-palette-Command-Pa-15b2d-alette-with-Ctrl-K-shortcut-chromium\video.webm
    ────────────────────────────────────────────────────────────────────────────────────────────────

    Error Context: ..\test-results\command-palette-Command-Pa-15b2d-alette-with-Ctrl-K-shortcut-chromium\error-context.md
]]>
</failure>
<system-out>
<![CDATA[
[[ATTACHMENT|command-palette-Command-Pa-15b2d-alette-with-Ctrl-K-shortcut-chromium\test-failed-1.png]]

[[ATTACHMENT|command-palette-Command-Pa-15b2d-alette-with-Ctrl-K-shortcut-chromium\video.webm]]

[[ATTACHMENT|command-palette-Command-Pa-15b2d-alette-with-Ctrl-K-shortcut-chromium\error-context.md]]
]]>
</system-out>
</testcase>
<testcase name="Command Palette Functionality › should close command palette with Escape key" classname="command-palette.spec.ts" time="27.964">
<failure message="command-palette.spec.ts:33:7 should close command palette with Escape key" type="FAILURE">
<![CDATA[  [chromium] › command-palette.spec.ts:33:7 › Command Palette Functionality › should close command palette with Escape key @P1 

    TimeoutError: page.waitForSelector: Timeout 10000ms exceeded.
    Call log:
      - waiting for locator('[data-testid="prompt-card"]') to be visible


       at utils\test-helpers.ts:10

       8 |    */
       9 |   async waitForPromptsToLoad() {
    > 10 |     await this.page.waitForSelector('[data-testid="prompt-card"]', { timeout: 10000 });
         |                     ^
      11 |   }
      12 |
      13 |   /**
        at TestHelpers.waitForPromptsToLoad (C:\Users\AbyTJoseph\Desktop\AI Experiments\personal-prompt-collections\prompt-hub\tests\utils\test-helpers.ts:10:21)
        at C:\Users\AbyTJoseph\Desktop\AI Experiments\personal-prompt-collections\prompt-hub\tests\command-palette.spec.ts:10:19

    attachment #1: screenshot (image/png) ──────────────────────────────────────────────────────────
    ..\test-results\command-palette-Command-Pa-b9da8-and-palette-with-Escape-key-chromium\test-failed-1.png
    ────────────────────────────────────────────────────────────────────────────────────────────────

    attachment #2: video (video/webm) ──────────────────────────────────────────────────────────────
    ..\test-results\command-palette-Command-Pa-b9da8-and-palette-with-Escape-key-chromium\video.webm
    ────────────────────────────────────────────────────────────────────────────────────────────────

    Error Context: ..\test-results\command-palette-Command-Pa-b9da8-and-palette-with-Escape-key-chromium\error-context.md
]]>
</failure>
<system-out>
<![CDATA[
[[ATTACHMENT|command-palette-Command-Pa-b9da8-and-palette-with-Escape-key-chromium\test-failed-1.png]]

[[ATTACHMENT|command-palette-Command-Pa-b9da8-and-palette-with-Escape-key-chromium\video.webm]]

[[ATTACHMENT|command-palette-Command-Pa-b9da8-and-palette-with-Escape-key-chromium\error-context.md]]
]]>
</system-out>
</testcase>
<testcase name="Command Palette Functionality › should display command palette with search input" classname="command-palette.spec.ts" time="37.338">
<failure message="command-palette.spec.ts:53:7 should display command palette with search input" type="FAILURE">
<![CDATA[  [chromium] › command-palette.spec.ts:53:7 › Command Palette Functionality › should display command palette with search input @P1 

    Test timeout of 30000ms exceeded while running "beforeEach" hook.

       5 |   let helpers: TestHelpers;
       6 |
    >  7 |   test.beforeEach(async ({ page }) => {
         |        ^
       8 |     helpers = new TestHelpers(page);
       9 |     await page.goto('/');
      10 |     await helpers.waitForPromptsToLoad();
        at C:\Users\AbyTJoseph\Desktop\AI Experiments\personal-prompt-collections\prompt-hub\tests\command-palette.spec.ts:7:8

    Error: page.goto: Test timeout of 30000ms exceeded.
    Call log:
      - navigating to "http://localhost:3000/", waiting until "load"


       7 |   test.beforeEach(async ({ page }) => {
       8 |     helpers = new TestHelpers(page);
    >  9 |     await page.goto('/');
         |                ^
      10 |     await helpers.waitForPromptsToLoad();
      11 |   });
      12 |
        at C:\Users\AbyTJoseph\Desktop\AI Experiments\personal-prompt-collections\prompt-hub\tests\command-palette.spec.ts:9:16

    attachment #1: screenshot (image/png) ──────────────────────────────────────────────────────────
    ..\test-results\command-palette-Command-Pa-501e1-d-palette-with-search-input-chromium\test-failed-1.png
    ────────────────────────────────────────────────────────────────────────────────────────────────

    attachment #2: video (video/webm) ──────────────────────────────────────────────────────────────
    ..\test-results\command-palette-Command-Pa-501e1-d-palette-with-search-input-chromium\video.webm
    ────────────────────────────────────────────────────────────────────────────────────────────────

    Error Context: ..\test-results\command-palette-Command-Pa-501e1-d-palette-with-search-input-chromium\error-context.md
]]>
</failure>
<system-out>
<![CDATA[
[[ATTACHMENT|command-palette-Command-Pa-501e1-d-palette-with-search-input-chromium\test-failed-1.png]]

[[ATTACHMENT|command-palette-Command-Pa-501e1-d-palette-with-search-input-chromium\video.webm]]

[[ATTACHMENT|command-palette-Command-Pa-501e1-d-palette-with-search-input-chromium\error-context.md]]
]]>
</system-out>
</testcase>
<testcase name="Command Palette Functionality › should search and filter commands" classname="command-palette.spec.ts" time="31.648">
<failure message="command-palette.spec.ts:64:7 should search and filter commands" type="FAILURE">
<![CDATA[  [chromium] › command-palette.spec.ts:64:7 › Command Palette Functionality › should search and filter commands @P1 

    Test timeout of 30000ms exceeded while running "beforeEach" hook.

       5 |   let helpers: TestHelpers;
       6 |
    >  7 |   test.beforeEach(async ({ page }) => {
         |        ^
       8 |     helpers = new TestHelpers(page);
       9 |     await page.goto('/');
      10 |     await helpers.waitForPromptsToLoad();
        at C:\Users\AbyTJoseph\Desktop\AI Experiments\personal-prompt-collections\prompt-hub\tests\command-palette.spec.ts:7:8

    Error: page.waitForSelector: Test timeout of 30000ms exceeded.
    Call log:
      - waiting for locator('[data-testid="prompt-card"]') to be visible


       at utils\test-helpers.ts:10

       8 |    */
       9 |   async waitForPromptsToLoad() {
    > 10 |     await this.page.waitForSelector('[data-testid="prompt-card"]', { timeout: 10000 });
         |                     ^
      11 |   }
      12 |
      13 |   /**
        at TestHelpers.waitForPromptsToLoad (C:\Users\AbyTJoseph\Desktop\AI Experiments\personal-prompt-collections\prompt-hub\tests\utils\test-helpers.ts:10:21)
        at C:\Users\AbyTJoseph\Desktop\AI Experiments\personal-prompt-collections\prompt-hub\tests\command-palette.spec.ts:10:19

    attachment #1: screenshot (image/png) ──────────────────────────────────────────────────────────
    ..\test-results\command-palette-Command-Pa-4a493--search-and-filter-commands-chromium\test-failed-1.png
    ────────────────────────────────────────────────────────────────────────────────────────────────

    attachment #2: video (video/webm) ──────────────────────────────────────────────────────────────
    ..\test-results\command-palette-Command-Pa-4a493--search-and-filter-commands-chromium\video.webm
    ────────────────────────────────────────────────────────────────────────────────────────────────

    Error Context: ..\test-results\command-palette-Command-Pa-4a493--search-and-filter-commands-chromium\error-context.md
]]>
</failure>
<system-out>
<![CDATA[
[[ATTACHMENT|command-palette-Command-Pa-4a493--search-and-filter-commands-chromium\test-failed-1.png]]

[[ATTACHMENT|command-palette-Command-Pa-4a493--search-and-filter-commands-chromium\video.webm]]

[[ATTACHMENT|command-palette-Command-Pa-4a493--search-and-filter-commands-chromium\error-context.md]]
]]>
</system-out>
</testcase>
<testcase name="Command Palette Functionality › should execute command with Enter key" classname="command-palette.spec.ts" time="28.757">
<failure message="command-palette.spec.ts:104:7 should execute command with Enter key" type="FAILURE">
<![CDATA[  [chromium] › command-palette.spec.ts:104:7 › Command Palette Functionality › should execute command with Enter key @P1 

    TimeoutError: page.waitForSelector: Timeout 10000ms exceeded.
    Call log:
      - waiting for locator('[data-testid="prompt-card"]') to be visible


       at utils\test-helpers.ts:10

       8 |    */
       9 |   async waitForPromptsToLoad() {
    > 10 |     await this.page.waitForSelector('[data-testid="prompt-card"]', { timeout: 10000 });
         |                     ^
      11 |   }
      12 |
      13 |   /**
        at TestHelpers.waitForPromptsToLoad (C:\Users\AbyTJoseph\Desktop\AI Experiments\personal-prompt-collections\prompt-hub\tests\utils\test-helpers.ts:10:21)
        at C:\Users\AbyTJoseph\Desktop\AI Experiments\personal-prompt-collections\prompt-hub\tests\command-palette.spec.ts:10:19

    attachment #1: screenshot (image/png) ──────────────────────────────────────────────────────────
    ..\test-results\command-palette-Command-Pa-0ed38-cute-command-with-Enter-key-chromium\test-failed-1.png
    ────────────────────────────────────────────────────────────────────────────────────────────────

    attachment #2: video (video/webm) ──────────────────────────────────────────────────────────────
    ..\test-results\command-palette-Command-Pa-0ed38-cute-command-with-Enter-key-chromium\video.webm
    ────────────────────────────────────────────────────────────────────────────────────────────────

    Error Context: ..\test-results\command-palette-Command-Pa-0ed38-cute-command-with-Enter-key-chromium\error-context.md
]]>
</failure>
<system-out>
<![CDATA[
[[ATTACHMENT|command-palette-Command-Pa-0ed38-cute-command-with-Enter-key-chromium\test-failed-1.png]]

[[ATTACHMENT|command-palette-Command-Pa-0ed38-cute-command-with-Enter-key-chromium\video.webm]]

[[ATTACHMENT|command-palette-Command-Pa-0ed38-cute-command-with-Enter-key-chromium\error-context.md]]
]]>
</system-out>
</testcase>
</testsuite>
<testsuite name="create-prompt.spec.ts" timestamp="2025-09-06T22:46:56.682Z" hostname="chromium" tests="4" failures="4" skipped="0" time="120.56" errors="0">
<testcase name="Create Prompt Functionality › should open create prompt modal when create button is clicked" classname="create-prompt.spec.ts" time="28.802">
<failure message="create-prompt.spec.ts:13:7 should open create prompt modal when create button is clicked" type="FAILURE">
<![CDATA[  [chromium] › create-prompt.spec.ts:13:7 › Create Prompt Functionality › should open create prompt modal when create button is clicked @P1 

    TimeoutError: page.waitForSelector: Timeout 10000ms exceeded.
    Call log:
      - waiting for locator('[data-testid="prompt-card"]') to be visible


       at utils\test-helpers.ts:10

       8 |    */
       9 |   async waitForPromptsToLoad() {
    > 10 |     await this.page.waitForSelector('[data-testid="prompt-card"]', { timeout: 10000 });
         |                     ^
      11 |   }
      12 |
      13 |   /**
        at TestHelpers.waitForPromptsToLoad (C:\Users\AbyTJoseph\Desktop\AI Experiments\personal-prompt-collections\prompt-hub\tests\utils\test-helpers.ts:10:21)
        at C:\Users\AbyTJoseph\Desktop\AI Experiments\personal-prompt-collections\prompt-hub\tests\create-prompt.spec.ts:10:19

    attachment #1: screenshot (image/png) ──────────────────────────────────────────────────────────
    ..\test-results\create-prompt-Create-Promp-0ab51-en-create-button-is-clicked-chromium\test-failed-1.png
    ────────────────────────────────────────────────────────────────────────────────────────────────

    attachment #2: video (video/webm) ──────────────────────────────────────────────────────────────
    ..\test-results\create-prompt-Create-Promp-0ab51-en-create-button-is-clicked-chromium\video.webm
    ────────────────────────────────────────────────────────────────────────────────────────────────

    Error Context: ..\test-results\create-prompt-Create-Promp-0ab51-en-create-button-is-clicked-chromium\error-context.md
]]>
</failure>
<system-out>
<![CDATA[
[[ATTACHMENT|create-prompt-Create-Promp-0ab51-en-create-button-is-clicked-chromium\test-failed-1.png]]

[[ATTACHMENT|create-prompt-Create-Promp-0ab51-en-create-button-is-clicked-chromium\video.webm]]

[[ATTACHMENT|create-prompt-Create-Promp-0ab51-en-create-button-is-clicked-chromium\error-context.md]]
]]>
</system-out>
</testcase>
<testcase name="Create Prompt Functionality › should display create prompt form correctly" classname="create-prompt.spec.ts" time="31.551">
<failure message="create-prompt.spec.ts:26:7 should display create prompt form correctly" type="FAILURE">
<![CDATA[  [chromium] › create-prompt.spec.ts:26:7 › Create Prompt Functionality › should display create prompt form correctly @P1 

    TimeoutError: page.waitForSelector: Timeout 10000ms exceeded.
    Call log:
      - waiting for locator('[data-testid="prompt-card"]') to be visible


       at utils\test-helpers.ts:10

       8 |    */
       9 |   async waitForPromptsToLoad() {
    > 10 |     await this.page.waitForSelector('[data-testid="prompt-card"]', { timeout: 10000 });
         |                     ^
      11 |   }
      12 |
      13 |   /**
        at TestHelpers.waitForPromptsToLoad (C:\Users\AbyTJoseph\Desktop\AI Experiments\personal-prompt-collections\prompt-hub\tests\utils\test-helpers.ts:10:21)
        at C:\Users\AbyTJoseph\Desktop\AI Experiments\personal-prompt-collections\prompt-hub\tests\create-prompt.spec.ts:10:19

    attachment #1: screenshot (image/png) ──────────────────────────────────────────────────────────
    ..\test-results\create-prompt-Create-Promp-88142-reate-prompt-form-correctly-chromium\test-failed-1.png
    ────────────────────────────────────────────────────────────────────────────────────────────────

    attachment #2: video (video/webm) ──────────────────────────────────────────────────────────────
    ..\test-results\create-prompt-Create-Promp-88142-reate-prompt-form-correctly-chromium\video.webm
    ────────────────────────────────────────────────────────────────────────────────────────────────

    Error Context: ..\test-results\create-prompt-Create-Promp-88142-reate-prompt-form-correctly-chromium\error-context.md
]]>
</failure>
<system-out>
<![CDATA[
[[ATTACHMENT|create-prompt-Create-Promp-88142-reate-prompt-form-correctly-chromium\test-failed-1.png]]

[[ATTACHMENT|create-prompt-Create-Promp-88142-reate-prompt-form-correctly-chromium\video.webm]]

[[ATTACHMENT|create-prompt-Create-Promp-88142-reate-prompt-form-correctly-chromium\error-context.md]]
]]>
</system-out>
</testcase>
<testcase name="Create Prompt Functionality › should create prompt with valid data" classname="create-prompt.spec.ts" time="28.818">
<failure message="create-prompt.spec.ts:67:7 should create prompt with valid data" type="FAILURE">
<![CDATA[  [chromium] › create-prompt.spec.ts:67:7 › Create Prompt Functionality › should create prompt with valid data @P1 

    TimeoutError: page.waitForSelector: Timeout 10000ms exceeded.
    Call log:
      - waiting for locator('[data-testid="prompt-card"]') to be visible


       at utils\test-helpers.ts:10

       8 |    */
       9 |   async waitForPromptsToLoad() {
    > 10 |     await this.page.waitForSelector('[data-testid="prompt-card"]', { timeout: 10000 });
         |                     ^
      11 |   }
      12 |
      13 |   /**
        at TestHelpers.waitForPromptsToLoad (C:\Users\AbyTJoseph\Desktop\AI Experiments\personal-prompt-collections\prompt-hub\tests\utils\test-helpers.ts:10:21)
        at C:\Users\AbyTJoseph\Desktop\AI Experiments\personal-prompt-collections\prompt-hub\tests\create-prompt.spec.ts:10:19

    attachment #1: screenshot (image/png) ──────────────────────────────────────────────────────────
    ..\test-results\create-prompt-Create-Promp-edecb-eate-prompt-with-valid-data-chromium\test-failed-1.png
    ────────────────────────────────────────────────────────────────────────────────────────────────

    attachment #2: video (video/webm) ──────────────────────────────────────────────────────────────
    ..\test-results\create-prompt-Create-Promp-edecb-eate-prompt-with-valid-data-chromium\video.webm
    ────────────────────────────────────────────────────────────────────────────────────────────────

    Error Context: ..\test-results\create-prompt-Create-Promp-edecb-eate-prompt-with-valid-data-chromium\error-context.md
]]>
</failure>
<system-out>
<![CDATA[
[[ATTACHMENT|create-prompt-Create-Promp-edecb-eate-prompt-with-valid-data-chromium\test-failed-1.png]]

[[ATTACHMENT|create-prompt-Create-Promp-edecb-eate-prompt-with-valid-data-chromium\video.webm]]

[[ATTACHMENT|create-prompt-Create-Promp-edecb-eate-prompt-with-valid-data-chromium\error-context.md]]
]]>
</system-out>
</testcase>
<testcase name="Create Prompt Functionality › should validate required fields" classname="create-prompt.spec.ts" time="31.389">
<failure message="create-prompt.spec.ts:98:7 should validate required fields" type="FAILURE">
<![CDATA[  [chromium] › create-prompt.spec.ts:98:7 › Create Prompt Functionality › should validate required fields @P1 

    Test timeout of 30000ms exceeded while running "beforeEach" hook.

       5 |   let helpers: TestHelpers;
       6 |
    >  7 |   test.beforeEach(async ({ page }) => {
         |        ^
       8 |     helpers = new TestHelpers(page);
       9 |     await page.goto('/');
      10 |     await helpers.waitForPromptsToLoad();
        at C:\Users\AbyTJoseph\Desktop\AI Experiments\personal-prompt-collections\prompt-hub\tests\create-prompt.spec.ts:7:8

    Error: page.waitForSelector: Test timeout of 30000ms exceeded.
    Call log:
      - waiting for locator('[data-testid="prompt-card"]') to be visible


       at utils\test-helpers.ts:10

       8 |    */
       9 |   async waitForPromptsToLoad() {
    > 10 |     await this.page.waitForSelector('[data-testid="prompt-card"]', { timeout: 10000 });
         |                     ^
      11 |   }
      12 |
      13 |   /**
        at TestHelpers.waitForPromptsToLoad (C:\Users\AbyTJoseph\Desktop\AI Experiments\personal-prompt-collections\prompt-hub\tests\utils\test-helpers.ts:10:21)
        at C:\Users\AbyTJoseph\Desktop\AI Experiments\personal-prompt-collections\prompt-hub\tests\create-prompt.spec.ts:10:19

    attachment #1: screenshot (image/png) ──────────────────────────────────────────────────────────
    ..\test-results\create-prompt-Create-Promp-01a35-ld-validate-required-fields-chromium\test-failed-1.png
    ────────────────────────────────────────────────────────────────────────────────────────────────

    attachment #2: video (video/webm) ──────────────────────────────────────────────────────────────
    ..\test-results\create-prompt-Create-Promp-01a35-ld-validate-required-fields-chromium\video.webm
    ────────────────────────────────────────────────────────────────────────────────────────────────

    Error Context: ..\test-results\create-prompt-Create-Promp-01a35-ld-validate-required-fields-chromium\error-context.md
]]>
</failure>
<system-out>
<![CDATA[
[[ATTACHMENT|create-prompt-Create-Promp-01a35-ld-validate-required-fields-chromium\test-failed-1.png]]

[[ATTACHMENT|create-prompt-Create-Promp-01a35-ld-validate-required-fields-chromium\video.webm]]

[[ATTACHMENT|create-prompt-Create-Promp-01a35-ld-validate-required-fields-chromium\error-context.md]]
]]>
</system-out>
</testcase>
</testsuite>
<testsuite name="homepage.spec.ts" timestamp="2025-09-06T22:46:56.682Z" hostname="chromium" tests="4" failures="4" skipped="0" time="91.014" errors="0">
<testcase name="Homepage Functionality › should load homepage with prompts" classname="homepage.spec.ts" time="29.966">
<failure message="homepage.spec.ts:13:7 should load homepage with prompts" type="FAILURE">
<![CDATA[  [chromium] › homepage.spec.ts:13:7 › Homepage Functionality › should load homepage with prompts @P1 

    TimeoutError: page.waitForSelector: Timeout 10000ms exceeded.
    Call log:
      - waiting for locator('[data-testid="prompt-card"]') to be visible


       at utils\test-helpers.ts:10

       8 |    */
       9 |   async waitForPromptsToLoad() {
    > 10 |     await this.page.waitForSelector('[data-testid="prompt-card"]', { timeout: 10000 });
         |                     ^
      11 |   }
      12 |
      13 |   /**
        at TestHelpers.waitForPromptsToLoad (C:\Users\AbyTJoseph\Desktop\AI Experiments\personal-prompt-collections\prompt-hub\tests\utils\test-helpers.ts:10:21)
        at C:\Users\AbyTJoseph\Desktop\AI Experiments\personal-prompt-collections\prompt-hub\tests\homepage.spec.ts:10:19

    attachment #1: screenshot (image/png) ──────────────────────────────────────────────────────────
    ..\test-results\homepage-Homepage-Function-0d3a9--load-homepage-with-prompts-chromium\test-failed-1.png
    ────────────────────────────────────────────────────────────────────────────────────────────────

    attachment #2: video (video/webm) ──────────────────────────────────────────────────────────────
    ..\test-results\homepage-Homepage-Function-0d3a9--load-homepage-with-prompts-chromium\video.webm
    ────────────────────────────────────────────────────────────────────────────────────────────────

    Error Context: ..\test-results\homepage-Homepage-Function-0d3a9--load-homepage-with-prompts-chromium\error-context.md
]]>
</failure>
<system-out>
<![CDATA[
[[ATTACHMENT|homepage-Homepage-Function-0d3a9--load-homepage-with-prompts-chromium\test-failed-1.png]]

[[ATTACHMENT|homepage-Homepage-Function-0d3a9--load-homepage-with-prompts-chromium\video.webm]]

[[ATTACHMENT|homepage-Homepage-Function-0d3a9--load-homepage-with-prompts-chromium\error-context.md]]
]]>
</system-out>
</testcase>
<testcase name="Homepage Functionality › should display search filters correctly" classname="homepage.spec.ts" time="18.217">
<failure message="homepage.spec.ts:25:7 should display search filters correctly" type="FAILURE">
<![CDATA[  [chromium] › homepage.spec.ts:25:7 › Homepage Functionality › should display search filters correctly @P1 

    TimeoutError: page.waitForSelector: Timeout 10000ms exceeded.
    Call log:
      - waiting for locator('[data-testid="prompt-card"]') to be visible


       at utils\test-helpers.ts:10

       8 |    */
       9 |   async waitForPromptsToLoad() {
    > 10 |     await this.page.waitForSelector('[data-testid="prompt-card"]', { timeout: 10000 });
         |                     ^
      11 |   }
      12 |
      13 |   /**
        at TestHelpers.waitForPromptsToLoad (C:\Users\AbyTJoseph\Desktop\AI Experiments\personal-prompt-collections\prompt-hub\tests\utils\test-helpers.ts:10:21)
        at C:\Users\AbyTJoseph\Desktop\AI Experiments\personal-prompt-collections\prompt-hub\tests\homepage.spec.ts:10:19

    attachment #1: screenshot (image/png) ──────────────────────────────────────────────────────────
    ..\test-results\homepage-Homepage-Function-9e026-ay-search-filters-correctly-chromium\test-failed-1.png
    ────────────────────────────────────────────────────────────────────────────────────────────────

    attachment #2: video (video/webm) ──────────────────────────────────────────────────────────────
    ..\test-results\homepage-Homepage-Function-9e026-ay-search-filters-correctly-chromium\video.webm
    ────────────────────────────────────────────────────────────────────────────────────────────────

    Error Context: ..\test-results\homepage-Homepage-Function-9e026-ay-search-filters-correctly-chromium\error-context.md
]]>
</failure>
<system-out>
<![CDATA[
[[ATTACHMENT|homepage-Homepage-Function-9e026-ay-search-filters-correctly-chromium\test-failed-1.png]]

[[ATTACHMENT|homepage-Homepage-Function-9e026-ay-search-filters-correctly-chromium\video.webm]]

[[ATTACHMENT|homepage-Homepage-Function-9e026-ay-search-filters-correctly-chromium\error-context.md]]
]]>
</system-out>
</testcase>
<testcase name="Homepage Functionality › should search prompts effectively" classname="homepage.spec.ts" time="21.463">
<failure message="homepage.spec.ts:52:7 should search prompts effectively" type="FAILURE">
<![CDATA[  [chromium] › homepage.spec.ts:52:7 › Homepage Functionality › should search prompts effectively @P1 

    TimeoutError: page.waitForSelector: Timeout 10000ms exceeded.
    Call log:
      - waiting for locator('[data-testid="prompt-card"]') to be visible


       at utils\test-helpers.ts:10

       8 |    */
       9 |   async waitForPromptsToLoad() {
    > 10 |     await this.page.waitForSelector('[data-testid="prompt-card"]', { timeout: 10000 });
         |                     ^
      11 |   }
      12 |
      13 |   /**
        at TestHelpers.waitForPromptsToLoad (C:\Users\AbyTJoseph\Desktop\AI Experiments\personal-prompt-collections\prompt-hub\tests\utils\test-helpers.ts:10:21)
        at C:\Users\AbyTJoseph\Desktop\AI Experiments\personal-prompt-collections\prompt-hub\tests\homepage.spec.ts:10:19

    attachment #1: screenshot (image/png) ──────────────────────────────────────────────────────────
    ..\test-results\homepage-Homepage-Function-59eca--search-prompts-effectively-chromium\test-failed-1.png
    ────────────────────────────────────────────────────────────────────────────────────────────────

    attachment #2: video (video/webm) ──────────────────────────────────────────────────────────────
    ..\test-results\homepage-Homepage-Function-59eca--search-prompts-effectively-chromium\video.webm
    ────────────────────────────────────────────────────────────────────────────────────────────────

    Error Context: ..\test-results\homepage-Homepage-Function-59eca--search-prompts-effectively-chromium\error-context.md
]]>
</failure>
<system-out>
<![CDATA[
[[ATTACHMENT|homepage-Homepage-Function-59eca--search-prompts-effectively-chromium\test-failed-1.png]]

[[ATTACHMENT|homepage-Homepage-Function-59eca--search-prompts-effectively-chromium\video.webm]]

[[ATTACHMENT|homepage-Homepage-Function-59eca--search-prompts-effectively-chromium\error-context.md]]
]]>
</system-out>
</testcase>
<testcase name="Homepage Functionality › should display prompt cards with correct information" classname="homepage.spec.ts" time="21.368">
<failure message="homepage.spec.ts:130:7 should display prompt cards with correct information" type="FAILURE">
<![CDATA[  [chromium] › homepage.spec.ts:130:7 › Homepage Functionality › should display prompt cards with correct information @P1 

    TimeoutError: page.waitForSelector: Timeout 10000ms exceeded.
    Call log:
      - waiting for locator('[data-testid="prompt-card"]') to be visible


       at utils\test-helpers.ts:10

       8 |    */
       9 |   async waitForPromptsToLoad() {
    > 10 |     await this.page.waitForSelector('[data-testid="prompt-card"]', { timeout: 10000 });
         |                     ^
      11 |   }
      12 |
      13 |   /**
        at TestHelpers.waitForPromptsToLoad (C:\Users\AbyTJoseph\Desktop\AI Experiments\personal-prompt-collections\prompt-hub\tests\utils\test-helpers.ts:10:21)
        at C:\Users\AbyTJoseph\Desktop\AI Experiments\personal-prompt-collections\prompt-hub\tests\homepage.spec.ts:10:19

    attachment #1: screenshot (image/png) ──────────────────────────────────────────────────────────
    ..\test-results\homepage-Homepage-Function-0cd7c-ds-with-correct-information-chromium\test-failed-1.png
    ────────────────────────────────────────────────────────────────────────────────────────────────

    attachment #2: video (video/webm) ──────────────────────────────────────────────────────────────
    ..\test-results\homepage-Homepage-Function-0cd7c-ds-with-correct-information-chromium\video.webm
    ────────────────────────────────────────────────────────────────────────────────────────────────

    Error Context: ..\test-results\homepage-Homepage-Function-0cd7c-ds-with-correct-information-chromium\error-context.md
]]>
</failure>
<system-out>
<![CDATA[
[[ATTACHMENT|homepage-Homepage-Function-0cd7c-ds-with-correct-information-chromium\test-failed-1.png]]

[[ATTACHMENT|homepage-Homepage-Function-0cd7c-ds-with-correct-information-chromium\video.webm]]

[[ATTACHMENT|homepage-Homepage-Function-0cd7c-ds-with-correct-information-chromium\error-context.md]]
]]>
</system-out>
</testcase>
</testsuite>
<testsuite name="prompt-modal.spec.ts" timestamp="2025-09-06T22:46:56.682Z" hostname="chromium" tests="6" failures="6" skipped="0" time="171.865" errors="0">
<testcase name="Prompt Modal Functionality › should open prompt modal when clicking on prompt card" classname="prompt-modal.spec.ts" time="28.759">
<failure message="prompt-modal.spec.ts:13:7 should open prompt modal when clicking on prompt card" type="FAILURE">
<![CDATA[  [chromium] › prompt-modal.spec.ts:13:7 › Prompt Modal Functionality › should open prompt modal when clicking on prompt card @P1 

    TimeoutError: page.waitForSelector: Timeout 10000ms exceeded.
    Call log:
      - waiting for locator('[data-testid="prompt-card"]') to be visible


       at utils\test-helpers.ts:10

       8 |    */
       9 |   async waitForPromptsToLoad() {
    > 10 |     await this.page.waitForSelector('[data-testid="prompt-card"]', { timeout: 10000 });
         |                     ^
      11 |   }
      12 |
      13 |   /**
        at TestHelpers.waitForPromptsToLoad (C:\Users\AbyTJoseph\Desktop\AI Experiments\personal-prompt-collections\prompt-hub\tests\utils\test-helpers.ts:10:21)
        at C:\Users\AbyTJoseph\Desktop\AI Experiments\personal-prompt-collections\prompt-hub\tests\prompt-modal.spec.ts:10:19

    attachment #1: screenshot (image/png) ──────────────────────────────────────────────────────────
    ..\test-results\prompt-modal-Prompt-Modal--8ccb4-hen-clicking-on-prompt-card-chromium\test-failed-1.png
    ────────────────────────────────────────────────────────────────────────────────────────────────

    attachment #2: video (video/webm) ──────────────────────────────────────────────────────────────
    ..\test-results\prompt-modal-Prompt-Modal--8ccb4-hen-clicking-on-prompt-card-chromium\video.webm
    ────────────────────────────────────────────────────────────────────────────────────────────────

    Error Context: ..\test-results\prompt-modal-Prompt-Modal--8ccb4-hen-clicking-on-prompt-card-chromium\error-context.md
]]>
</failure>
<system-out>
<![CDATA[
[[ATTACHMENT|prompt-modal-Prompt-Modal--8ccb4-hen-clicking-on-prompt-card-chromium\test-failed-1.png]]

[[ATTACHMENT|prompt-modal-Prompt-Modal--8ccb4-hen-clicking-on-prompt-card-chromium\video.webm]]

[[ATTACHMENT|prompt-modal-Prompt-Modal--8ccb4-hen-clicking-on-prompt-card-chromium\error-context.md]]
]]>
</system-out>
</testcase>
<testcase name="Prompt Modal Functionality › should display prompt information correctly in modal" classname="prompt-modal.spec.ts" time="28.701">
<failure message="prompt-modal.spec.ts:25:7 should display prompt information correctly in modal" type="FAILURE">
<![CDATA[  [chromium] › prompt-modal.spec.ts:25:7 › Prompt Modal Functionality › should display prompt information correctly in modal @P1 

    TimeoutError: page.waitForSelector: Timeout 10000ms exceeded.
    Call log:
      - waiting for locator('[data-testid="prompt-card"]') to be visible


       at utils\test-helpers.ts:10

       8 |    */
       9 |   async waitForPromptsToLoad() {
    > 10 |     await this.page.waitForSelector('[data-testid="prompt-card"]', { timeout: 10000 });
         |                     ^
      11 |   }
      12 |
      13 |   /**
        at TestHelpers.waitForPromptsToLoad (C:\Users\AbyTJoseph\Desktop\AI Experiments\personal-prompt-collections\prompt-hub\tests\utils\test-helpers.ts:10:21)
        at C:\Users\AbyTJoseph\Desktop\AI Experiments\personal-prompt-collections\prompt-hub\tests\prompt-modal.spec.ts:10:19

    attachment #1: screenshot (image/png) ──────────────────────────────────────────────────────────
    ..\test-results\prompt-modal-Prompt-Modal--c77e2-ormation-correctly-in-modal-chromium\test-failed-1.png
    ────────────────────────────────────────────────────────────────────────────────────────────────

    attachment #2: video (video/webm) ──────────────────────────────────────────────────────────────
    ..\test-results\prompt-modal-Prompt-Modal--c77e2-ormation-correctly-in-modal-chromium\video.webm
    ────────────────────────────────────────────────────────────────────────────────────────────────

    Error Context: ..\test-results\prompt-modal-Prompt-Modal--c77e2-ormation-correctly-in-modal-chromium\error-context.md
]]>
</failure>
<system-out>
<![CDATA[
[[ATTACHMENT|prompt-modal-Prompt-Modal--c77e2-ormation-correctly-in-modal-chromium\test-failed-1.png]]

[[ATTACHMENT|prompt-modal-Prompt-Modal--c77e2-ormation-correctly-in-modal-chromium\video.webm]]

[[ATTACHMENT|prompt-modal-Prompt-Modal--c77e2-ormation-correctly-in-modal-chromium\error-context.md]]
]]>
</system-out>
</testcase>
<testcase name="Prompt Modal Functionality › should copy prompt content to clipboard" classname="prompt-modal.spec.ts" time="29.563">
<failure message="prompt-modal.spec.ts:71:7 should copy prompt content to clipboard" type="FAILURE">
<![CDATA[  [chromium] › prompt-modal.spec.ts:71:7 › Prompt Modal Functionality › should copy prompt content to clipboard @P1 

    TimeoutError: page.waitForSelector: Timeout 10000ms exceeded.
    Call log:
      - waiting for locator('[data-testid="prompt-card"]') to be visible


       at utils\test-helpers.ts:10

       8 |    */
       9 |   async waitForPromptsToLoad() {
    > 10 |     await this.page.waitForSelector('[data-testid="prompt-card"]', { timeout: 10000 });
         |                     ^
      11 |   }
      12 |
      13 |   /**
        at TestHelpers.waitForPromptsToLoad (C:\Users\AbyTJoseph\Desktop\AI Experiments\personal-prompt-collections\prompt-hub\tests\utils\test-helpers.ts:10:21)
        at C:\Users\AbyTJoseph\Desktop\AI Experiments\personal-prompt-collections\prompt-hub\tests\prompt-modal.spec.ts:10:19

    attachment #1: screenshot (image/png) ──────────────────────────────────────────────────────────
    ..\test-results\prompt-modal-Prompt-Modal--a1b2a-prompt-content-to-clipboard-chromium\test-failed-1.png
    ────────────────────────────────────────────────────────────────────────────────────────────────

    attachment #2: video (video/webm) ──────────────────────────────────────────────────────────────
    ..\test-results\prompt-modal-Prompt-Modal--a1b2a-prompt-content-to-clipboard-chromium\video.webm
    ────────────────────────────────────────────────────────────────────────────────────────────────

    Error Context: ..\test-results\prompt-modal-Prompt-Modal--a1b2a-prompt-content-to-clipboard-chromium\error-context.md
]]>
</failure>
<system-out>
<![CDATA[
[[ATTACHMENT|prompt-modal-Prompt-Modal--a1b2a-prompt-content-to-clipboard-chromium\test-failed-1.png]]

[[ATTACHMENT|prompt-modal-Prompt-Modal--a1b2a-prompt-content-to-clipboard-chromium\video.webm]]

[[ATTACHMENT|prompt-modal-Prompt-Modal--a1b2a-prompt-content-to-clipboard-chromium\error-context.md]]
]]>
</system-out>
</testcase>
<testcase name="Prompt Modal Functionality › should enter edit mode when edit button is clicked" classname="prompt-modal.spec.ts" time="28.32">
<failure message="prompt-modal.spec.ts:85:7 should enter edit mode when edit button is clicked" type="FAILURE">
<![CDATA[  [chromium] › prompt-modal.spec.ts:85:7 › Prompt Modal Functionality › should enter edit mode when edit button is clicked @P1 

    TimeoutError: page.waitForSelector: Timeout 10000ms exceeded.
    Call log:
      - waiting for locator('[data-testid="prompt-card"]') to be visible


       at utils\test-helpers.ts:10

       8 |    */
       9 |   async waitForPromptsToLoad() {
    > 10 |     await this.page.waitForSelector('[data-testid="prompt-card"]', { timeout: 10000 });
         |                     ^
      11 |   }
      12 |
      13 |   /**
        at TestHelpers.waitForPromptsToLoad (C:\Users\AbyTJoseph\Desktop\AI Experiments\personal-prompt-collections\prompt-hub\tests\utils\test-helpers.ts:10:21)
        at C:\Users\AbyTJoseph\Desktop\AI Experiments\personal-prompt-collections\prompt-hub\tests\prompt-modal.spec.ts:10:19

    attachment #1: screenshot (image/png) ──────────────────────────────────────────────────────────
    ..\test-results\prompt-modal-Prompt-Modal--3827b-when-edit-button-is-clicked-chromium\test-failed-1.png
    ────────────────────────────────────────────────────────────────────────────────────────────────

    attachment #2: video (video/webm) ──────────────────────────────────────────────────────────────
    ..\test-results\prompt-modal-Prompt-Modal--3827b-when-edit-button-is-clicked-chromium\video.webm
    ────────────────────────────────────────────────────────────────────────────────────────────────

    Error Context: ..\test-results\prompt-modal-Prompt-Modal--3827b-when-edit-button-is-clicked-chromium\error-context.md
]]>
</failure>
<system-out>
<![CDATA[
[[ATTACHMENT|prompt-modal-Prompt-Modal--3827b-when-edit-button-is-clicked-chromium\test-failed-1.png]]

[[ATTACHMENT|prompt-modal-Prompt-Modal--3827b-when-edit-button-is-clicked-chromium\video.webm]]

[[ATTACHMENT|prompt-modal-Prompt-Modal--3827b-when-edit-button-is-clicked-chromium\error-context.md]]
]]>
</system-out>
</testcase>
<testcase name="Prompt Modal Functionality › should edit prompt title successfully" classname="prompt-modal.spec.ts" time="28.329">
<failure message="prompt-modal.spec.ts:97:7 should edit prompt title successfully" type="FAILURE">
<![CDATA[  [chromium] › prompt-modal.spec.ts:97:7 › Prompt Modal Functionality › should edit prompt title successfully @P1 

    TimeoutError: page.waitForSelector: Timeout 10000ms exceeded.
    Call log:
      - waiting for locator('[data-testid="prompt-card"]') to be visible


       at utils\test-helpers.ts:10

       8 |    */
       9 |   async waitForPromptsToLoad() {
    > 10 |     await this.page.waitForSelector('[data-testid="prompt-card"]', { timeout: 10000 });
         |                     ^
      11 |   }
      12 |
      13 |   /**
        at TestHelpers.waitForPromptsToLoad (C:\Users\AbyTJoseph\Desktop\AI Experiments\personal-prompt-collections\prompt-hub\tests\utils\test-helpers.ts:10:21)
        at C:\Users\AbyTJoseph\Desktop\AI Experiments\personal-prompt-collections\prompt-hub\tests\prompt-modal.spec.ts:10:19

    attachment #1: screenshot (image/png) ──────────────────────────────────────────────────────────
    ..\test-results\prompt-modal-Prompt-Modal--8cb78-t-prompt-title-successfully-chromium\test-failed-1.png
    ────────────────────────────────────────────────────────────────────────────────────────────────

    attachment #2: video (video/webm) ──────────────────────────────────────────────────────────────
    ..\test-results\prompt-modal-Prompt-Modal--8cb78-t-prompt-title-successfully-chromium\video.webm
    ────────────────────────────────────────────────────────────────────────────────────────────────

    Error Context: ..\test-results\prompt-modal-Prompt-Modal--8cb78-t-prompt-title-successfully-chromium\error-context.md
]]>
</failure>
<system-out>
<![CDATA[
[[ATTACHMENT|prompt-modal-Prompt-Modal--8cb78-t-prompt-title-successfully-chromium\test-failed-1.png]]

[[ATTACHMENT|prompt-modal-Prompt-Modal--8cb78-t-prompt-title-successfully-chromium\video.webm]]

[[ATTACHMENT|prompt-modal-Prompt-Modal--8cb78-t-prompt-title-successfully-chromium\error-context.md]]
]]>
</system-out>
</testcase>
<testcase name="Prompt Modal Functionality › should delete prompt successfully" classname="prompt-modal.spec.ts" time="28.193">
<failure message="prompt-modal.spec.ts:208:7 should delete prompt successfully" type="FAILURE">
<![CDATA[  [chromium] › prompt-modal.spec.ts:208:7 › Prompt Modal Functionality › should delete prompt successfully @P1 

    TimeoutError: page.waitForSelector: Timeout 10000ms exceeded.
    Call log:
      - waiting for locator('[data-testid="prompt-card"]') to be visible


       at utils\test-helpers.ts:10

       8 |    */
       9 |   async waitForPromptsToLoad() {
    > 10 |     await this.page.waitForSelector('[data-testid="prompt-card"]', { timeout: 10000 });
         |                     ^
      11 |   }
      12 |
      13 |   /**
        at TestHelpers.waitForPromptsToLoad (C:\Users\AbyTJoseph\Desktop\AI Experiments\personal-prompt-collections\prompt-hub\tests\utils\test-helpers.ts:10:21)
        at C:\Users\AbyTJoseph\Desktop\AI Experiments\personal-prompt-collections\prompt-hub\tests\prompt-modal.spec.ts:10:19

    attachment #1: screenshot (image/png) ──────────────────────────────────────────────────────────
    ..\test-results\prompt-modal-Prompt-Modal--9a8fd--delete-prompt-successfully-chromium\test-failed-1.png
    ────────────────────────────────────────────────────────────────────────────────────────────────

    attachment #2: video (video/webm) ──────────────────────────────────────────────────────────────
    ..\test-results\prompt-modal-Prompt-Modal--9a8fd--delete-prompt-successfully-chromium\video.webm
    ────────────────────────────────────────────────────────────────────────────────────────────────

    Error Context: ..\test-results\prompt-modal-Prompt-Modal--9a8fd--delete-prompt-successfully-chromium\error-context.md
]]>
</failure>
<system-out>
<![CDATA[
[[ATTACHMENT|prompt-modal-Prompt-Modal--9a8fd--delete-prompt-successfully-chromium\test-failed-1.png]]

[[ATTACHMENT|prompt-modal-Prompt-Modal--9a8fd--delete-prompt-successfully-chromium\video.webm]]

[[ATTACHMENT|prompt-modal-Prompt-Modal--9a8fd--delete-prompt-successfully-chromium\error-context.md]]
]]>
</system-out>
</testcase>
</testsuite>
</testsuites>