<testsuites id="" name="" tests="13" failures="10" skipped="3" errors="0" time="23.995848">
<testsuite name="homepage.spec.ts" timestamp="2025-09-07T00:22:59.693Z" hostname="chromium" tests="13" failures="10" skipped="3" time="94.922" errors="0">
<testcase name="Homepage Functionality › should load homepage with prompts" classname="homepage.spec.ts" time="9.668">
<failure message="homepage.spec.ts:13:7 should load homepage with prompts" type="FAILURE">
<![CDATA[  [chromium] › homepage.spec.ts:13:7 › Homepage Functionality › should load homepage with prompts @P1 

    Error: page.waitForSelector: Target page, context or browser has been closed
    Call log:
      - waiting for locator('[data-testid="prompt-card"]') to be visible


       at utils\test-helpers.ts:62

      60 |
      61 |     // Wait for prompt cards to appear with a longer timeout
    > 62 |     await this.page.waitForSelector('[data-testid="prompt-card"]', { timeout: 30000 });
         |                     ^
      63 |
      64 |     // Additional buffer to ensure everything is stable
      65 |     await this.page.waitForTimeout(2000);
        at TestHelpers.waitForPageLoaded (C:\Users\AbyTJoseph\Desktop\AI Experiments\personal-prompt-collections\prompt-hub\tests\utils\test-helpers.ts:62:21)
        at C:\Users\AbyTJoseph\Desktop\AI Experiments\personal-prompt-collections\prompt-hub\tests\homepage.spec.ts:10:5
]]>
</failure>
</testcase>
<testcase name="Homepage Functionality › should display search filters correctly" classname="homepage.spec.ts" time="9.796">
<failure message="homepage.spec.ts:25:7 should display search filters correctly" type="FAILURE">
<![CDATA[  [chromium] › homepage.spec.ts:25:7 › Homepage Functionality › should display search filters correctly @P1 

    Error: page.goto: net::ERR_ABORTED at http://localhost:3000/
    Call log:
      - navigating to "http://localhost:3000/", waiting until "load"


       7 |   test.beforeEach(async ({ page }) => {
       8 |     helpers = new TestHelpers(page);
    >  9 |     await page.goto('/');
         |                ^
      10 |     await helpers.waitForPageLoaded();
      11 |   });
      12 |
        at C:\Users\AbyTJoseph\Desktop\AI Experiments\personal-prompt-collections\prompt-hub\tests\homepage.spec.ts:9:16

    Error: browserContext.close: Target page, context or browser has been closed
]]>
</failure>
</testcase>
<testcase name="Homepage Functionality › should switch between grid and list view modes" classname="homepage.spec.ts" time="8.939">
<failure message="homepage.spec.ts:39:7 should switch between grid and list view modes" type="FAILURE">
<![CDATA[  [chromium] › homepage.spec.ts:39:7 › Homepage Functionality › should switch between grid and list view modes @P2 

    Error: page.goto: net::ERR_ABORTED at http://localhost:3000/
    Call log:
      - navigating to "http://localhost:3000/", waiting until "load"


       7 |   test.beforeEach(async ({ page }) => {
       8 |     helpers = new TestHelpers(page);
    >  9 |     await page.goto('/');
         |                ^
      10 |     await helpers.waitForPageLoaded();
      11 |   });
      12 |
        at C:\Users\AbyTJoseph\Desktop\AI Experiments\personal-prompt-collections\prompt-hub\tests\homepage.spec.ts:9:16
]]>
</failure>
</testcase>
<testcase name="Homepage Functionality › should search prompts effectively" classname="homepage.spec.ts" time="8.77">
<failure message="homepage.spec.ts:52:7 should search prompts effectively" type="FAILURE">
<![CDATA[  [chromium] › homepage.spec.ts:52:7 › Homepage Functionality › should search prompts effectively @P1 

    Error: page.goto: Target page, context or browser has been closed
    Call log:
      - navigating to "http://localhost:3000/", waiting until "load"


       7 |   test.beforeEach(async ({ page }) => {
       8 |     helpers = new TestHelpers(page);
    >  9 |     await page.goto('/');
         |                ^
      10 |     await helpers.waitForPageLoaded();
      11 |   });
      12 |
        at C:\Users\AbyTJoseph\Desktop\AI Experiments\personal-prompt-collections\prompt-hub\tests\homepage.spec.ts:9:16

    Error: browserContext.close: Target page, context or browser has been closed
]]>
</failure>
</testcase>
<testcase name="Homepage Functionality › should filter prompts by tags" classname="homepage.spec.ts" time="8.43">
<failure message="homepage.spec.ts:73:7 should filter prompts by tags" type="FAILURE">
<![CDATA[  [chromium] › homepage.spec.ts:73:7 › Homepage Functionality › should filter prompts by tags @P2 ──

    Error: page.goto: net::ERR_ABORTED at http://localhost:3000/
    Call log:
      - navigating to "http://localhost:3000/", waiting until "load"


       7 |   test.beforeEach(async ({ page }) => {
       8 |     helpers = new TestHelpers(page);
    >  9 |     await page.goto('/');
         |                ^
      10 |     await helpers.waitForPageLoaded();
      11 |   });
      12 |
        at C:\Users\AbyTJoseph\Desktop\AI Experiments\personal-prompt-collections\prompt-hub\tests\homepage.spec.ts:9:16

    Error: browserContext.close: Test ended.
    Browser logs:

    <launching> C:\Users\AbyTJoseph\AppData\Local\ms-playwright\chromium_headless_shell-1187\chrome-win\headless_shell.exe --disable-field-trial-config --disable-background-networking --disable-background-timer-throttling --disable-backgrounding-occluded-windows --disable-back-forward-cache --disable-breakpad --disable-client-side-phishing-detection --disable-component-extensions-with-background-pages --disable-component-update --no-default-browser-check --disable-default-apps --disable-dev-shm-usage --disable-extensions --disable-features=AcceptCHFrame,AvoidUnnecessaryBeforeUnloadCheckSync,DestroyProfileOnBrowserClose,DialMediaRouteProvider,GlobalMediaControls,HttpsUpgrades,LensOverlay,MediaRouter,PaintHolding,ThirdPartyStoragePartitioning,Translate,AutoDeElevate --allow-pre-commit-input --disable-hang-monitor --disable-ipc-flooding-protection --disable-popup-blocking --disable-prompt-on-repost --disable-renderer-backgrounding --force-color-profile=srgb --metrics-recording-only --no-first-run --password-store=basic --use-mock-keychain --no-service-autorun --export-tagged-pdf --disable-search-engine-choice-screen --unsafely-disable-devtools-self-xss-warnings --edge-skip-compat-layer-relaunch --enable-automation --headless --hide-scrollbars --mute-audio --blink-settings=primaryHoverType=2,availableHoverTypes=2,primaryPointerType=4,availablePointerTypes=4 --no-sandbox --user-data-dir=C:\Users\ABYTJO~1\AppData\Local\Temp\playwright_chromiumdev_profile-1LMe0W --remote-debugging-pipe --no-startup-window
    <launched> pid=46236
]]>
</failure>
</testcase>
<testcase name="Homepage Functionality › should handle empty search results" classname="homepage.spec.ts" time="9.952">
<failure message="homepage.spec.ts:87:7 should handle empty search results" type="FAILURE">
<![CDATA[  [chromium] › homepage.spec.ts:87:7 › Homepage Functionality › should handle empty search results @P2 

    Error: page.goto: Target page, context or browser has been closed
    Call log:
      - navigating to "http://localhost:3000/", waiting until "load"


       7 |   test.beforeEach(async ({ page }) => {
       8 |     helpers = new TestHelpers(page);
    >  9 |     await page.goto('/');
         |                ^
      10 |     await helpers.waitForPageLoaded();
      11 |   });
      12 |
        at C:\Users\AbyTJoseph\Desktop\AI Experiments\personal-prompt-collections\prompt-hub\tests\homepage.spec.ts:9:16
]]>
</failure>
</testcase>
<testcase name="Homepage Functionality › should refresh catalog successfully" classname="homepage.spec.ts" time="10.007">
<failure message="homepage.spec.ts:101:7 should refresh catalog successfully" type="FAILURE">
<![CDATA[  [chromium] › homepage.spec.ts:101:7 › Homepage Functionality › should refresh catalog successfully @P2 

    Error: page.goto: net::ERR_ABORTED at http://localhost:3000/
    Call log:
      - navigating to "http://localhost:3000/", waiting until "load"


       7 |   test.beforeEach(async ({ page }) => {
       8 |     helpers = new TestHelpers(page);
    >  9 |     await page.goto('/');
         |                ^
      10 |     await helpers.waitForPageLoaded();
      11 |   });
      12 |
        at C:\Users\AbyTJoseph\Desktop\AI Experiments\personal-prompt-collections\prompt-hub\tests\homepage.spec.ts:9:16

    Error: browserContext.close: Target page, context or browser has been closed
]]>
</failure>
</testcase>
<testcase name="Homepage Functionality › should scroll to top when button is clicked" classname="homepage.spec.ts" time="9.734">
<failure message="homepage.spec.ts:114:7 should scroll to top when button is clicked" type="FAILURE">
<![CDATA[  [chromium] › homepage.spec.ts:114:7 › Homepage Functionality › should scroll to top when button is clicked @P3 

    Error: page.waitForSelector: Target page, context or browser has been closed
    Call log:
      - waiting for locator('[data-testid="prompt-card"]') to be visible


       at utils\test-helpers.ts:62

      60 |
      61 |     // Wait for prompt cards to appear with a longer timeout
    > 62 |     await this.page.waitForSelector('[data-testid="prompt-card"]', { timeout: 30000 });
         |                     ^
      63 |
      64 |     // Additional buffer to ensure everything is stable
      65 |     await this.page.waitForTimeout(2000);
        at TestHelpers.waitForPageLoaded (C:\Users\AbyTJoseph\Desktop\AI Experiments\personal-prompt-collections\prompt-hub\tests\utils\test-helpers.ts:62:21)
        at C:\Users\AbyTJoseph\Desktop\AI Experiments\personal-prompt-collections\prompt-hub\tests\homepage.spec.ts:10:5

    Error: browserContext.close: Target page, context or browser has been closed
]]>
</failure>
</testcase>
<testcase name="Homepage Functionality › should display prompt cards with correct information" classname="homepage.spec.ts" time="9.957">
<failure message="homepage.spec.ts:130:7 should display prompt cards with correct information" type="FAILURE">
<![CDATA[  [chromium] › homepage.spec.ts:130:7 › Homepage Functionality › should display prompt cards with correct information @P1 

    Error: page.goto: net::ERR_ABORTED at http://localhost:3000/
    Call log:
      - navigating to "http://localhost:3000/", waiting until "load"


       7 |   test.beforeEach(async ({ page }) => {
       8 |     helpers = new TestHelpers(page);
    >  9 |     await page.goto('/');
         |                ^
      10 |     await helpers.waitForPageLoaded();
      11 |   });
      12 |
        at C:\Users\AbyTJoseph\Desktop\AI Experiments\personal-prompt-collections\prompt-hub\tests\homepage.spec.ts:9:16

    Error: browserContext.close: Target page, context or browser has been closed
]]>
</failure>
</testcase>
<testcase name="Homepage Functionality › should handle keyboard shortcuts" classname="homepage.spec.ts" time="9.669">
<failure message="homepage.spec.ts:146:7 should handle keyboard shortcuts" type="FAILURE">
<![CDATA[  [chromium] › homepage.spec.ts:146:7 › Homepage Functionality › should handle keyboard shortcuts @P2 

    Error: page.goto: Target page, context or browser has been closed
    Call log:
      - navigating to "http://localhost:3000/", waiting until "load"


       7 |   test.beforeEach(async ({ page }) => {
       8 |     helpers = new TestHelpers(page);
    >  9 |     await page.goto('/');
         |                ^
      10 |     await helpers.waitForPageLoaded();
      11 |   });
      12 |
        at C:\Users\AbyTJoseph\Desktop\AI Experiments\personal-prompt-collections\prompt-hub\tests\homepage.spec.ts:9:16

    Error: browserContext.close: Test ended.
    Browser logs:

    <launching> C:\Users\AbyTJoseph\AppData\Local\ms-playwright\chromium_headless_shell-1187\chrome-win\headless_shell.exe --disable-field-trial-config --disable-background-networking --disable-background-timer-throttling --disable-backgrounding-occluded-windows --disable-back-forward-cache --disable-breakpad --disable-client-side-phishing-detection --disable-component-extensions-with-background-pages --disable-component-update --no-default-browser-check --disable-default-apps --disable-dev-shm-usage --disable-extensions --disable-features=AcceptCHFrame,AvoidUnnecessaryBeforeUnloadCheckSync,DestroyProfileOnBrowserClose,DialMediaRouteProvider,GlobalMediaControls,HttpsUpgrades,LensOverlay,MediaRouter,PaintHolding,ThirdPartyStoragePartitioning,Translate,AutoDeElevate --allow-pre-commit-input --disable-hang-monitor --disable-ipc-flooding-protection --disable-popup-blocking --disable-prompt-on-repost --disable-renderer-backgrounding --force-color-profile=srgb --metrics-recording-only --no-first-run --password-store=basic --use-mock-keychain --no-service-autorun --export-tagged-pdf --disable-search-engine-choice-screen --unsafely-disable-devtools-self-xss-warnings --edge-skip-compat-layer-relaunch --enable-automation --headless --hide-scrollbars --mute-audio --blink-settings=primaryHoverType=2,availableHoverTypes=2,primaryPointerType=4,availablePointerTypes=4 --no-sandbox --user-data-dir=C:\Users\ABYTJO~1\AppData\Local\Temp\playwright_chromiumdev_profile-ZCL2Yc --remote-debugging-pipe --no-startup-window
    <launched> pid=36500
    [pid=36500] <gracefully close start>
]]>
</failure>
</testcase>
<testcase name="Homepage Functionality › should be responsive on different viewport sizes" classname="homepage.spec.ts" time="0">
<skipped>
</skipped>
</testcase>
<testcase name="Homepage Functionality › should handle loading states correctly" classname="homepage.spec.ts" time="0">
<skipped>
</skipped>
</testcase>
<testcase name="Homepage Functionality › should maintain search state in URL" classname="homepage.spec.ts" time="0">
<skipped>
</skipped>
</testcase>
</testsuite>
</testsuites>